Using pre-set license
Built from '2021.3/staging' branch; Version is '2021.3.11f1 (0a5ca18544bf) revision 679073'; Using compiler version '192829333'; Build Type 'Release'
OS: 'Windows 10  (10.0.19044) 64bit Core' Language: 'en' Physical Memory: 16312 MB
BatchMode: 1, IsHumanControllingUs: 0, StartBugReporterOnCrash: 0, Is64bit: 1, IsPro: 1

COMMAND LINE ARGUMENTS:
C:\Program Files\Unity\Hub\Editor\2021.3.11f1\Editor\Unity.exe
-adb2
-batchMode
-noUpm
-name
AssetImportWorker0
-projectPath
C:/Users/Owner/Desktop/FPSDailyTasks/FPSdailyTasks/FPS Project
-logFile
Logs/AssetImportWorker0.log
-srvPort
54421
Successfully changed project path to: C:/Users/Owner/Desktop/FPSDailyTasks/FPSdailyTasks/FPS Project
C:/Users/Owner/Desktop/FPSDailyTasks/FPSdailyTasks/FPS Project
[UnityMemory] Configuration Parameters - Can be set up in boot.config
    "memorysetup-bucket-allocator-granularity=16"
    "memorysetup-bucket-allocator-bucket-count=8"
    "memorysetup-bucket-allocator-block-size=33554432"
    "memorysetup-bucket-allocator-block-count=8"
    "memorysetup-main-allocator-block-size=16777216"
    "memorysetup-thread-allocator-block-size=16777216"
    "memorysetup-gfx-main-allocator-block-size=16777216"
    "memorysetup-gfx-thread-allocator-block-size=16777216"
    "memorysetup-cache-allocator-block-size=4194304"
    "memorysetup-typetree-allocator-block-size=2097152"
    "memorysetup-profiler-bucket-allocator-granularity=16"
    "memorysetup-profiler-bucket-allocator-bucket-count=8"
    "memorysetup-profiler-bucket-allocator-block-size=33554432"
    "memorysetup-profiler-bucket-allocator-block-count=8"
    "memorysetup-profiler-allocator-block-size=16777216"
    "memorysetup-profiler-editor-allocator-block-size=1048576"
    "memorysetup-temp-allocator-size-main=16777216"
    "memorysetup-job-temp-allocator-block-size=2097152"
    "memorysetup-job-temp-allocator-block-size-background=1048576"
    "memorysetup-job-temp-allocator-reduction-small-platforms=262144"
    "memorysetup-temp-allocator-size-background-worker=32768"
    "memorysetup-temp-allocator-size-job-worker=262144"
    "memorysetup-temp-allocator-size-preload-manager=33554432"
    "memorysetup-temp-allocator-size-nav-mesh-worker=65536"
    "memorysetup-temp-allocator-size-audio-worker=65536"
    "memorysetup-temp-allocator-size-cloud-worker=32768"
    "memorysetup-temp-allocator-size-gi-baking-worker=262144"
    "memorysetup-temp-allocator-size-gfx=262144"
Refreshing native plugins compatible for Editor in 83.04 ms, found 3 plugins.
Preloading 0 native plugins for Editor in 0.00 ms.
Initialize engine version: 2021.3.11f1 (0a5ca18544bf)
[Subsystems] Discovering subsystems at path C:/Program Files/Unity/Hub/Editor/2021.3.11f1/Editor/Data/Resources/UnitySubsystems
[Subsystems] Discovering subsystems at path C:/Users/Owner/Desktop/FPSDailyTasks/FPSdailyTasks/FPS Project/Assets
GfxDevice: creating device client; threaded=0; jobified=0
Direct3D:
    Version:  Direct3D 11.0 [level 11.1]
    Renderer: NVIDIA GeForce GTX 1660 SUPER (ID=0x21c4)
    Vendor:   NVIDIA
    VRAM:     5991 MB
    Driver:   31.0.15.1694
Initialize mono
Mono path[0] = 'C:/Program Files/Unity/Hub/Editor/2021.3.11f1/Editor/Data/Managed'
Mono path[1] = 'C:/Program Files/Unity/Hub/Editor/2021.3.11f1/Editor/Data/MonoBleedingEdge/lib/mono/unityjit-win32'
Mono config path = 'C:/Program Files/Unity/Hub/Editor/2021.3.11f1/Editor/Data/MonoBleedingEdge/etc'
Using monoOptions --debugger-agent=transport=dt_socket,embedding=1,server=y,suspend=n,address=127.0.0.1:56728
Begin MonoManager ReloadAssembly
Registering precompiled unity dll's ...
Register platform support module: C:/Program Files/Unity/Hub/Editor/2021.3.11f1/Editor/Data/PlaybackEngines/WindowsStandaloneSupport/UnityEditor.WindowsStandalone.Extensions.dll
Registered in 0.008434 seconds.
Native extension for WindowsStandalone target not found
Refreshing native plugins compatible for Editor in 75.83 ms, found 3 plugins.
Preloading 0 native plugins for Editor in 0.00 ms.
Mono: successfully reloaded assembly
- Completed reload, in  0.579 seconds
Domain Reload Profiling:
	ReloadAssembly (579ms)
		BeginReloadAssembly (75ms)
			ExecutionOrderSort (0ms)
			DisableScriptedObjects (0ms)
			BackupInstance (0ms)
			ReleaseScriptingObjects (0ms)
			CreateAndSetChildDomain (1ms)
		EndReloadAssembly (391ms)
			LoadAssemblies (71ms)
			RebuildTransferFunctionScriptingTraits (0ms)
			SetupTypeCache (91ms)
			ReleaseScriptCaches (0ms)
			RebuildScriptCaches (26ms)
			SetupLoadedEditorAssemblies (228ms)
				LogAssemblyErrors (0ms)
				InitializePlatformSupportModulesInManaged (9ms)
				SetLoadedEditorAssemblies (0ms)
				RefreshPlugins (76ms)
				BeforeProcessingInitializeOnLoad (1ms)
				ProcessInitializeOnLoadAttributes (104ms)
				ProcessInitializeOnLoadMethodAttributes (38ms)
				AfterProcessingInitializeOnLoad (0ms)
				EditorAssembliesLoaded (0ms)
			ExecutionOrderSort2 (0ms)
			AwakeInstancesAfterBackupRestoration (0ms)
Platform modules already initialized, skipping
Registering precompiled user dll's ...
Registered in 0.006354 seconds.
Begin MonoManager ReloadAssembly
Symbol file LoadedFromMemory doesn't match image C:\Users\Owner\Desktop\FPSDailyTasks\FPSdailyTasks\FPS Project\Library\PackageCache\com.unity.visualscripting@1.7.8\Editor\VisualScripting.Core\Dependencies\YamlDotNet\Unity.VisualScripting.YamlDotNet.dll
Symbol file LoadedFromMemory doesn't match image C:\Users\Owner\Desktop\FPSDailyTasks\FPSdailyTasks\FPS Project\Library\PackageCache\com.unity.visualscripting@1.7.8\Editor\VisualScripting.Core\Dependencies\DotNetZip\Unity.VisualScripting.IonicZip.dll
Native extension for WindowsStandalone target not found
Refreshing native plugins compatible for Editor in 0.65 ms, found 3 plugins.
Preloading 0 native plugins for Editor in 0.00 ms.
Mono: successfully reloaded assembly
- Completed reload, in  1.031 seconds
Domain Reload Profiling:
	ReloadAssembly (1032ms)
		BeginReloadAssembly (111ms)
			ExecutionOrderSort (0ms)
			DisableScriptedObjects (6ms)
			BackupInstance (0ms)
			ReleaseScriptingObjects (0ms)
			CreateAndSetChildDomain (20ms)
		EndReloadAssembly (785ms)
			LoadAssemblies (83ms)
			RebuildTransferFunctionScriptingTraits (0ms)
			SetupTypeCache (248ms)
			ReleaseScriptCaches (1ms)
			RebuildScriptCaches (48ms)
			SetupLoadedEditorAssemblies (358ms)
				LogAssemblyErrors (0ms)
				InitializePlatformSupportModulesInManaged (7ms)
				SetLoadedEditorAssemblies (1ms)
				RefreshPlugins (1ms)
				BeforeProcessingInitializeOnLoad (94ms)
				ProcessInitializeOnLoadAttributes (215ms)
				ProcessInitializeOnLoadMethodAttributes (30ms)
				AfterProcessingInitializeOnLoad (11ms)
				EditorAssembliesLoaded (0ms)
			ExecutionOrderSort2 (0ms)
			AwakeInstancesAfterBackupRestoration (5ms)
Platform modules already initialized, skipping
========================================================================
Worker process is ready to serve import requests
Launched and connected shader compiler UnityShaderCompiler.exe after 0.05 seconds
Refreshing native plugins compatible for Editor in 0.63 ms, found 3 plugins.
Preloading 0 native plugins for Editor in 0.00 ms.
Unloading 3384 Unused Serialized files (Serialized files now loaded: 0)
Unloading 27 unused Assets / (113.4 KB). Loaded Objects now: 3842.
Memory consumption went from 116.4 MB to 116.3 MB.
Total: 3.013900 ms (FindLiveObjects: 0.309100 ms CreateObjectMapping: 0.082700 ms MarkObjects: 2.522500 ms  DeleteObjects: 0.098500 ms)

AssetImportParameters requested are different than current active one (requested -> active):
  custom:video-decoder-ogg-theora: a1e56fd34408186e4bbccfd4996cb3dc -> 
  custom:container-muxer-webm: aa71ff27fc2769a1b78a27578f13a17b -> 
  custom:container-demuxer-webm: 4f35f7cbe854078d1ac9338744f61a02 -> 
  custom:video-encoder-webm-vp8: eb34c28f22e8b96e1ab97ce403110664 -> 
  custom:video-codec-MediaFoundation-h265: e54d7ab0439102e2317fc1e4b246158d -> 
  custom:audio-encoder-webm-vorbis: bf7c407c2cedff20999df2af8eb42d56 -> 
  custom:framework-win-MediaFoundation: 216162199b28c13a410421893ffa2e32 -> 
  custom:container-demuxer-ogg: 62fdf1f143b41e24485cea50d1cbac27 -> 
  custom:video-decoder-webm-vp8: 9c59270c3fd7afecdb556c50c9e8de78 -> 
  custom:audio-decoder-ogg-vorbis: bf7c407c2cedff20999df2af8eb42d56 -> 
========================================================================
Received Import Request.
  Time since last request: 355160.790277 seconds.
  path: Assets/Unity Store Downloads/ToonSoldiers_WW2_demo/model/ToonSoldier_WW2_demo.FBX
  artifactKey: Guid(f4209d51d1ad0434299f2d498ee076ba) Importer(815301076,1909f56bfc062723c751e8b465ee728b)
Start importing Assets/Unity Store Downloads/ToonSoldiers_WW2_demo/model/ToonSoldier_WW2_demo.FBX using Guid(f4209d51d1ad0434299f2d498ee076ba) Importer(815301076,1909f56bfc062723c751e8b465ee728b)  -> (artifact id: '1f3aa99547f88a64a67e4ab850457ce4') in 0.259777 seconds 
========================================================================
Received Import Request.
  Time since last request: 136.408623 seconds.
  path: Assets/Scripts/enemyAI.cs
  artifactKey: Guid(980c022317d9386468d3ac654ead9e62) Importer(815301076,1909f56bfc062723c751e8b465ee728b)
Start importing Assets/Scripts/enemyAI.cs using Guid(980c022317d9386468d3ac654ead9e62) Importer(815301076,1909f56bfc062723c751e8b465ee728b)  -> (artifact id: '3703f9b8daf13236c30fbdd141b38535') in 0.009977 seconds 
========================================================================
Received Import Request.
  Time since last request: 350.102249 seconds.
  path: Assets/Prefabs/Enemy 1.prefab
  artifactKey: Guid(73723c334857ee144842603bf12aa0eb) Importer(815301076,1909f56bfc062723c751e8b465ee728b)
Start importing Assets/Prefabs/Enemy 1.prefab using Guid(73723c334857ee144842603bf12aa0eb) Importer(815301076,1909f56bfc062723c751e8b465ee728b)  -> (artifact id: 'cf59627236383d0f1baaf84147c10ed1') in 0.032024 seconds 
========================================================================
Received Import Request.
  Time since last request: 208.410879 seconds.
  path: Assets/Prefabs/Enemy 1.prefab
  artifactKey: Guid(73723c334857ee144842603bf12aa0eb) Importer(815301076,1909f56bfc062723c751e8b465ee728b)
Start importing Assets/Prefabs/Enemy 1.prefab using Guid(73723c334857ee144842603bf12aa0eb) Importer(815301076,1909f56bfc062723c751e8b465ee728b)  -> (artifact id: '88547faddb98129e4cdb3d81d459018f') in 0.014670 seconds 
========================================================================
Received Import Request.
  Time since last request: 40.254951 seconds.
  path: Assets/Floor.prefab
  artifactKey: Guid(fa4cdc325304f7544aedb35fd23768a2) Importer(2089858483,0ecaa5967403d082aa24f35e1b516d23)
Start importing Assets/Floor.prefab using Guid(fa4cdc325304f7544aedb35fd23768a2) Importer(2089858483,0ecaa5967403d082aa24f35e1b516d23) Generated GUIDs only implemented for interfaces!
 -> (artifact id: '9e63e0df5518e2dd9b5a9bf081181e3f') in 0.104968 seconds 
========================================================================
Received Import Request.
  Time since last request: 0.000018 seconds.
  path: Assets/Unity Store Downloads/ToonSoldiers_WW2_demo/ToonSoldier_WW2_demo_model.prefab
  artifactKey: Guid(2599104a4a2a5214f8407d03827b5eff) Importer(2089858483,0ecaa5967403d082aa24f35e1b516d23)
Start importing Assets/Unity Store Downloads/ToonSoldiers_WW2_demo/ToonSoldier_WW2_demo_model.prefab using Guid(2599104a4a2a5214f8407d03827b5eff) Importer(2089858483,0ecaa5967403d082aa24f35e1b516d23) Generated GUIDs only implemented for interfaces!
 -> (artifact id: 'a777f757cf5a4b3c129eb6640e1bbc6a') in 0.014352 seconds 
========================================================================
Received Import Request.
  Time since last request: 0.000021 seconds.
  path: Assets/Unity Store Downloads/ToonSoldiers_WW2_demo/ToonSoldiers_WW2_demo_README.txt
  artifactKey: Guid(a872732cec17b6342978ac0362142565) Importer(2089858483,0ecaa5967403d082aa24f35e1b516d23)
Start importing Assets/Unity Store Downloads/ToonSoldiers_WW2_demo/ToonSoldiers_WW2_demo_README.txt using Guid(a872732cec17b6342978ac0362142565) Importer(2089858483,0ecaa5967403d082aa24f35e1b516d23) Generated GUIDs only implemented for interfaces!
 -> (artifact id: 'f831aa2b1a075153e43737bfefcfbd61') in 0.014668 seconds 
========================================================================
Received Import Request.
  Time since last request: 0.000050 seconds.
  path: Assets/Prefabs/Player.prefab
  artifactKey: Guid(c280d7ccc9b1d764ea1fdb8da27fb097) Importer(2089858483,0ecaa5967403d082aa24f35e1b516d23)
Start importing Assets/Prefabs/Player.prefab using Guid(c280d7ccc9b1d764ea1fdb8da27fb097) Importer(2089858483,0ecaa5967403d082aa24f35e1b516d23) Generated GUIDs only implemented for interfaces!
 -> (artifact id: '6de99f5ac45ed988f2828a9fbd819ad6') in 0.026458 seconds 
========================================================================
Received Import Request.
  Time since last request: 0.000028 seconds.
  path: Assets/Unity Store Downloads/ToonSoldiers_WW2_demo/model/Materials/US_soldier_simple.mat
  artifactKey: Guid(1dcd4ea457239f049875b7a7c8f9509e) Importer(2089858483,0ecaa5967403d082aa24f35e1b516d23)
Start importing Assets/Unity Store Downloads/ToonSoldiers_WW2_demo/model/Materials/US_soldier_simple.mat using Guid(1dcd4ea457239f049875b7a7c8f9509e) Importer(2089858483,0ecaa5967403d082aa24f35e1b516d23) Generated GUIDs only implemented for interfaces!
 -> (artifact id: '952e080542b22b31ecf692be1d3d93a5') in 0.016532 seconds 
========================================================================
Received Import Request.
  Time since last request: 0.000025 seconds.
  path: Assets/Prefabs/Wall.prefab
  artifactKey: Guid(ca60a84c8ad3f8c49a246d26b94446a2) Importer(2089858483,0ecaa5967403d082aa24f35e1b516d23)
Start importing Assets/Prefabs/Wall.prefab using Guid(ca60a84c8ad3f8c49a246d26b94446a2) Importer(2089858483,0ecaa5967403d082aa24f35e1b516d23) Generated GUIDs only implemented for interfaces!
 -> (artifact id: '5178a45505333482287bfc05637bfb44') in 0.011868 seconds 
========================================================================
Received Import Request.
  Time since last request: 0.000022 seconds.
  path: Assets/Scripts/IDamage.cs
  artifactKey: Guid(2e5fc13f37f26984c9a1d0723af3e536) Importer(2089858483,0ecaa5967403d082aa24f35e1b516d23)
Start importing Assets/Scripts/IDamage.cs using Guid(2e5fc13f37f26984c9a1d0723af3e536) Importer(2089858483,0ecaa5967403d082aa24f35e1b516d23) Generated GUIDs only implemented for interfaces!
 -> (artifact id: '24470f5787582f6a55ad39df6950f620') in 0.010397 seconds 
========================================================================
Received Import Request.
  Time since last request: 0.000034 seconds.
  path: Assets/Unity Store Downloads/ToonSoldiers_WW2_demo/model/ToonSoldier_WW2_demo.FBX
  artifactKey: Guid(f4209d51d1ad0434299f2d498ee076ba) Importer(2089858483,0ecaa5967403d082aa24f35e1b516d23)
Start importing Assets/Unity Store Downloads/ToonSoldiers_WW2_demo/model/ToonSoldier_WW2_demo.FBX using Guid(f4209d51d1ad0434299f2d498ee076ba) Importer(2089858483,0ecaa5967403d082aa24f35e1b516d23) Generated GUIDs only implemented for interfaces!
 -> (artifact id: 'a5d8107c0ab601a989263c720911b908') in 0.040992 seconds 
========================================================================
Received Import Request.
  Time since last request: 0.000029 seconds.
  path: Assets/Scenes/SampleScene.unity
  artifactKey: Guid(9fc0d4010bbf28b4594072e72b8655ab) Importer(2089858483,0ecaa5967403d082aa24f35e1b516d23)
Start importing Assets/Scenes/SampleScene.unity using Guid(9fc0d4010bbf28b4594072e72b8655ab) Importer(2089858483,0ecaa5967403d082aa24f35e1b516d23) Generated GUIDs only implemented for interfaces!
 -> (artifact id: '9b596b5b8d8602e210769451295de4ba') in 0.010584 seconds 
========================================================================
Received Import Request.
  Time since last request: 0.000033 seconds.
  path: Assets/Unity Store Downloads/ToonSoldiers_WW2_demo/TS_WW2_demo_scene.unity
  artifactKey: Guid(351d41988a8603c4e97f5952316453ac) Importer(2089858483,0ecaa5967403d082aa24f35e1b516d23)
Start importing Assets/Unity Store Downloads/ToonSoldiers_WW2_demo/TS_WW2_demo_scene.unity using Guid(351d41988a8603c4e97f5952316453ac) Importer(2089858483,0ecaa5967403d082aa24f35e1b516d23) Generated GUIDs only implemented for interfaces!
 -> (artifact id: '711d1df579f583ef0ae76b38a125c722') in 0.009422 seconds 
========================================================================
Received Import Request.
  Time since last request: 0.000031 seconds.
  path: Assets/Scripts/playerController.cs
  artifactKey: Guid(3bb2d357c050b044c9bdba9635147f53) Importer(2089858483,0ecaa5967403d082aa24f35e1b516d23)
Start importing Assets/Scripts/playerController.cs using Guid(3bb2d357c050b044c9bdba9635147f53) Importer(2089858483,0ecaa5967403d082aa24f35e1b516d23) Generated GUIDs only implemented for interfaces!
 -> (artifact id: '1244d56c46a70307de45a902982dab07') in 0.011851 seconds 
========================================================================
Received Import Request.
  Time since last request: 0.000026 seconds.
  path: Assets/Unity Store Downloads/ToonSoldiers_WW2_demo/animation/infantry_combat_idle.FBX
  artifactKey: Guid(e9fa0cd70df4a414ea410a82fba042e6) Importer(2089858483,0ecaa5967403d082aa24f35e1b516d23)
Start importing Assets/Unity Store Downloads/ToonSoldiers_WW2_demo/animation/infantry_combat_idle.FBX using Guid(e9fa0cd70df4a414ea410a82fba042e6) Importer(2089858483,0ecaa5967403d082aa24f35e1b516d23) Generated GUIDs only implemented for interfaces!
 -> (artifact id: 'ce88d62e08a5e722b5e6d18e819514bb') in 0.034005 seconds 
========================================================================
Received Import Request.
  Time since last request: 0.000024 seconds.
  path: Assets/Unity Store Downloads/ToonSoldiers_WW2_demo/TS_WW2_demo_sceneSettings.lighting
  artifactKey: Guid(fee4fbef46b5029438755e86f9c4c645) Importer(2089858483,0ecaa5967403d082aa24f35e1b516d23)
Start importing Assets/Unity Store Downloads/ToonSoldiers_WW2_demo/TS_WW2_demo_sceneSettings.lighting using Guid(fee4fbef46b5029438755e86f9c4c645) Importer(2089858483,0ecaa5967403d082aa24f35e1b516d23) LightingSettings: switching bake backend from 1 to 0.
Generated GUIDs only implemented for interfaces!
 -> (artifact id: '98578cdc88e7facb726832629179956c') in 0.025845 seconds 
========================================================================
Received Import Request.
  Time since last request: 0.000045 seconds.
  path: Assets/Scripts/cameraControls.cs
  artifactKey: Guid(b53d389cf68ca8f45aa8163b3534901e) Importer(2089858483,0ecaa5967403d082aa24f35e1b516d23)
Start importing Assets/Scripts/cameraControls.cs using Guid(b53d389cf68ca8f45aa8163b3534901e) Importer(2089858483,0ecaa5967403d082aa24f35e1b516d23) Generated GUIDs only implemented for interfaces!
 -> (artifact id: '79c65e4815496dc7f460b09568ddf87e') in 0.010733 seconds 
========================================================================
Received Import Request.
  Time since last request: 7.144209 seconds.
  path: Assets/Scenes/SampleScene.unity
  artifactKey: Guid(9fc0d4010bbf28b4594072e72b8655ab) Importer(815301076,1909f56bfc062723c751e8b465ee728b)
Start importing Assets/Scenes/SampleScene.unity using Guid(9fc0d4010bbf28b4594072e72b8655ab) Importer(815301076,1909f56bfc062723c751e8b465ee728b)  -> (artifact id: 'b642fab848c7328e7bc5c8bd70cf3063') in 0.006255 seconds 
========================================================================
Received Import Request.
  Time since last request: 0.000029 seconds.
  path: Assets/Materials/Floor.mat
  artifactKey: Guid(0c6a44a3649a2bc48aa94136f5081c0d) Importer(815301076,1909f56bfc062723c751e8b465ee728b)
Start importing Assets/Materials/Floor.mat using Guid(0c6a44a3649a2bc48aa94136f5081c0d) Importer(815301076,1909f56bfc062723c751e8b465ee728b)  -> (artifact id: 'eea3f2fe4d773db7f269250c392efd94') in 0.038344 seconds 
========================================================================
Received Import Request.
  Time since last request: 0.000019 seconds.
  path: Assets/Prefabs/Floor.prefab
  artifactKey: Guid(c2f45188eeee2ae49bb146d4376494a1) Importer(815301076,1909f56bfc062723c751e8b465ee728b)
Start importing Assets/Prefabs/Floor.prefab using Guid(c2f45188eeee2ae49bb146d4376494a1) Importer(815301076,1909f56bfc062723c751e8b465ee728b)  -> (artifact id: '1b9d0ccb3f24b2e4c793cd66dfb900c2') in 0.042079 seconds 
========================================================================
Received Import Request.
  Time since last request: 0.000036 seconds.
  path: Assets/Unity Store Downloads/ToonSoldiers_WW2_demo/model/Materials/US_soldier_simple.tga
  artifactKey: Guid(66cd8936bbd41e74a8a632853271d963) Importer(815301076,1909f56bfc062723c751e8b465ee728b)
Start importing Assets/Unity Store Downloads/ToonSoldiers_WW2_demo/model/Materials/US_soldier_simple.tga using Guid(66cd8936bbd41e74a8a632853271d963) Importer(815301076,1909f56bfc062723c751e8b465ee728b)  -> (artifact id: 'e2fdf41cfce766a55a66e9d615a97432') in 0.025152 seconds 
========================================================================
Received Import Request.
  Time since last request: 0.000024 seconds.
  path: Assets/Prefabs/Player.prefab
  artifactKey: Guid(c280d7ccc9b1d764ea1fdb8da27fb097) Importer(815301076,1909f56bfc062723c751e8b465ee728b)
Start importing Assets/Prefabs/Player.prefab using Guid(c280d7ccc9b1d764ea1fdb8da27fb097) Importer(815301076,1909f56bfc062723c751e8b465ee728b)  -> (artifact id: 'b65d955d388ca269532285a5762627e0') in 0.016844 seconds 
========================================================================
Received Prepare
Refreshing native plugins compatible for Editor in 5.98 ms, found 3 plugins.
Preloading 0 native plugins for Editor in 0.00 ms.
Unloading 20 Unused Serialized files (Serialized files now loaded: 0)
Unloading 20 unused Assets / (77.1 KB). Loaded Objects now: 3895.
Memory consumption went from 67.2 MB to 67.1 MB.
Total: 4.294700 ms (FindLiveObjects: 0.363300 ms CreateObjectMapping: 0.138000 ms MarkObjects: 3.689700 ms  DeleteObjects: 0.102600 ms)

AssetImportParameters requested are different than current active one (requested -> active):
  custom:video-decoder-ogg-theora: a1e56fd34408186e4bbccfd4996cb3dc -> 
  custom:container-muxer-webm: aa71ff27fc2769a1b78a27578f13a17b -> 
  custom:container-demuxer-webm: 4f35f7cbe854078d1ac9338744f61a02 -> 
  custom:video-encoder-webm-vp8: eb34c28f22e8b96e1ab97ce403110664 -> 
  custom:video-codec-MediaFoundation-h265: e54d7ab0439102e2317fc1e4b246158d -> 
  custom:audio-encoder-webm-vorbis: bf7c407c2cedff20999df2af8eb42d56 -> 
  custom:framework-win-MediaFoundation: 216162199b28c13a410421893ffa2e32 -> 
  custom:SearchIndexIgnoredProperties: e643bd26f0fe6173181afceb89e7c659 -> 
  custom:container-demuxer-ogg: 62fdf1f143b41e24485cea50d1cbac27 -> 
  custom:video-decoder-webm-vp8: 9c59270c3fd7afecdb556c50c9e8de78 -> 
  custom:audio-decoder-ogg-vorbis: bf7c407c2cedff20999df2af8eb42d56 -> 
Editor requested this worker to shutdown with reason: Scaling down because of idle timeout
AssetImportWorker is now disconnected from the server
Process exiting
Exiting without the bug reporter. Application will terminate with return code 0